0 info it worked if it ends with ok
1 verbose cli [ 'C:\\Program Files\\nodejs\\node.exe',
1 verbose cli   'C:\\Program Files\\nodejs\\node_modules\\npm\\bin\\npm-cli.js',
1 verbose cli   'run',
1 verbose cli   'eslint' ]
2 info using npm@4.1.2
3 info using node@v7.7.3
4 verbose run-script [ 'preeslint', 'eslint', 'posteslint' ]
5 info lifecycle test-project@1.0.0~preeslint: test-project@1.0.0
6 silly lifecycle test-project@1.0.0~preeslint: no script for preeslint, continuing
7 info lifecycle test-project@1.0.0~eslint: test-project@1.0.0
8 verbose lifecycle test-project@1.0.0~eslint: unsafe-perm in lifecycle true
9 verbose lifecycle test-project@1.0.0~eslint: PATH: C:\Program Files\nodejs\node_modules\npm\bin\node-gyp-bin;D:\MyRepositories\TestMEAN\node_modules\.bin;C:\Users\Alexey\bin;C:\Program Files\Git\mingw64\bin;C:\Program Files\Git\usr\local\bin;C:\Program Files\Git\usr\bin;C:\Program Files\Git\usr\bin;C:\Program Files\Git\mingw64\bin;C:\Program Files\Git\usr\bin;C:\Users\Alexey\bin;C:\Program Files\Microsoft MPI\Bin;C:\ProgramData\Oracle\Java\javapath;C:\Windows\system32;C:\Windows;C:\Windows\System32\Wbem;C:\Windows\System32\WindowsPowerShell\v1.0;D:\WEB\Syntax HTML;C:\Users\Alexey\AppData\Roaming\npm;D:\OpenServer\modules\php\PHP-5.4;C:\Users\Alexey\.dnx\bin;C:\Program Files\Microsoft DNX\Dnvm;C:\Program Files\Git\cmd;C:\Program Files\Git\mingw64\bin;C:\Program Files\Git\usr\bin;C:\Program Files\nodejs;C:\Program Files (x86)\Skype\Phone;C:\Program Files (x86)\Yarn\bin;C:\Program Files\Heroku\bin;C:\Windows\System32;C:\Users\Alexey\AppData\Local\Microsoft\WindowsApps;C:\Program Files\MongoDB\Server\3.4\bin;D:\WEB\Syntax HTML\tidy.exe;C:\Users\Alexey\AppData\Roaming\npm;C:\Users\Alexey\AppData\Local\Yarn\.bin;C:\Program Files\Heroku\bin;C:\Program Files (x86)\Microsoft VS Code\bin;C:\Program Files\Git\usr\bin\vendor_perl;C:\Program Files\Git\usr\bin\core_perl
10 verbose lifecycle test-project@1.0.0~eslint: CWD: D:\MyRepositories\TestMEAN
11 silly lifecycle test-project@1.0.0~eslint: Args: [ '/d /s /c',
11 silly lifecycle   'eslint models/*.js, passport/*.js, routers/*.js server.js' ]
12 silly lifecycle test-project@1.0.0~eslint: Returned: code: 1  signal: null
13 info lifecycle test-project@1.0.0~eslint: Failed to exec eslint script
14 verbose stack Error: test-project@1.0.0 eslint: `eslint models/*.js, passport/*.js, routers/*.js server.js`
14 verbose stack Exit status 1
14 verbose stack     at EventEmitter.<anonymous> (C:\Program Files\nodejs\node_modules\npm\lib\utils\lifecycle.js:279:16)
14 verbose stack     at emitTwo (events.js:106:13)
14 verbose stack     at EventEmitter.emit (events.js:194:7)
14 verbose stack     at ChildProcess.<anonymous> (C:\Program Files\nodejs\node_modules\npm\lib\utils\spawn.js:40:14)
14 verbose stack     at emitTwo (events.js:106:13)
14 verbose stack     at ChildProcess.emit (events.js:194:7)
14 verbose stack     at maybeClose (internal/child_process.js:899:16)
14 verbose stack     at Process.ChildProcess._handle.onexit (internal/child_process.js:226:5)
15 verbose pkgid test-project@1.0.0
16 verbose cwd D:\MyRepositories\TestMEAN
17 error Windows_NT 10.0.14393
18 error argv "C:\\Program Files\\nodejs\\node.exe" "C:\\Program Files\\nodejs\\node_modules\\npm\\bin\\npm-cli.js" "run" "eslint"
19 error node v7.7.3
20 error npm  v4.1.2
21 error code ELIFECYCLE
22 error test-project@1.0.0 eslint: `eslint models/*.js, passport/*.js, routers/*.js server.js`
22 error Exit status 1
23 error Failed at the test-project@1.0.0 eslint script 'eslint models/*.js, passport/*.js, routers/*.js server.js'.
23 error Make sure you have the latest version of node.js and npm installed.
23 error If you do, this is most likely a problem with the test-project package,
23 error not with npm itself.
23 error Tell the author that this fails on your system:
23 error     eslint models/*.js, passport/*.js, routers/*.js server.js
23 error You can get information on how to open an issue for this project with:
23 error     npm bugs test-project
23 error Or if that isn't available, you can get their info via:
23 error     npm owner ls test-project
23 error There is likely additional logging output above.
24 verbose exit [ 1, true ]
